<?xml version="1.0" encoding="UTF-8"?>
<testsuite xmlns:xsi="http://www.w3.org/2001/XMLSchema-instance" xsi:noNamespaceSchemaLocation="https://maven.apache.org/surefire/maven-surefire-plugin/xsd/surefire-test-report-3.0.xsd" version="3.0" name="com.example.AppTest" time="0.801" tests="3" errors="0" skipped="0" failures="0">
  <properties>
[...]
</properties>
  <testcase name="testMethod" classname="com.example.AppTest" time="0.006">
    <system-out><![CDATA[before suite
Before class
Before Method
test method
]]></system-out>
  </testcase>
  <testcase name="testUserRole" classname="com.example.AppTest" time="0.001">
    <system-out><![CDATA[after Method
Before User Group
Before Method
test user role
]]></system-out>
  </testcase>
  <testcase name="testUsername" classname="com.example.AppTest" time="0">
    <system-out><![CDATA[after Method
Before Method
test username
]]></system-out>
  </testcase>
</testsuite>