<?xml version="1.0" encoding="UTF-8"?>
<testng-results skipped="0" failed="0" ignored="0" total="3" passed="3">
  <reporter-output>
  </reporter-output>
  <suite name="Surefire suite" duration-ms="55" started-at="2024-06-26T03:42:40Z" finished-at="2024-06-26T03:42:40Z">
    <groups>
      <group name="user">
        <method signature="AppTest.testUserRole()[pri:0, instance:com.example.AppTest@74abbb]" name="testUserRole" class="com.example.AppTest"/>
        <method signature="AppTest.testUsername()[pri:0, instance:com.example.AppTest@74abbb]" name="testUsername" class="com.example.AppTest"/>
      </group> <!-- user -->
    </groups>
    <test name="Surefire test" duration-ms="55" started-at="2024-06-26T03:42:40Z" finished-at="2024-06-26T03:42:40Z">
      <class name="com.example.AppTest">
        <test-method status="PASS" signature="BeforeSuite()[pri:0, instance:com.example.AppTest@74abbb]" name="BeforeSuite" is-config="true" duration-ms="36" started-at="2024-06-26T03:42:40Z" finished-at="2024-06-26T03:42:40Z">
          <reporter-output>
          </reporter-output>
        </test-method> <!-- BeforeSuite -->
        <test-method status="PASS" signature="BeforeClass()[pri:0, instance:com.example.AppTest@74abbb]" name="BeforeClass" is-config="true" duration-ms="1" started-at="2024-06-26T03:42:40Z" finished-at="2024-06-26T03:42:40Z">
          <reporter-output>
          </reporter-output>
        </test-method> <!-- BeforeClass -->
        <test-method status="PASS" signature="BeforeMethod()[pri:0, instance:com.example.AppTest@74abbb]" name="BeforeMethod" is-config="true" duration-ms="1" started-at="2024-06-26T03:42:40Z" finished-at="2024-06-26T03:42:40Z">
          <reporter-output>
          </reporter-output>
        </test-method> <!-- BeforeMethod -->
        <test-method status="PASS" signature="testMethod()[pri:0, instance:com.example.AppTest@74abbb]" name="testMethod" duration-ms="5" started-at="2024-06-26T03:42:40Z" finished-at="2024-06-26T03:42:40Z">
          <reporter-output>
          </reporter-output>
        </test-method> <!-- testMethod -->
        <test-method status="PASS" signature="afterMethod()[pri:0, instance:com.example.AppTest@74abbb]" name="afterMethod" is-config="true" duration-ms="0" started-at="2024-06-26T03:42:40Z" finished-at="2024-06-26T03:42:40Z">
          <reporter-output>
          </reporter-output>
        </test-method> <!-- afterMethod -->
        <test-method status="PASS" signature="BeforeUserGroup()[pri:0, instance:com.example.AppTest@74abbb]" name="BeforeUserGroup" is-config="true" duration-ms="0" started-at="2024-06-26T03:42:40Z" finished-at="2024-06-26T03:42:40Z">
          <reporter-output>
          </reporter-output>
        </test-method> <!-- BeforeUserGroup -->
        <test-method status="PASS" signature="testUserRole()[pri:0, instance:com.example.AppTest@74abbb]" name="testUserRole" duration-ms="1" started-at="2024-06-26T03:42:40Z" finished-at="2024-06-26T03:42:40Z">
          <reporter-output>
          </reporter-output>
        </test-method> <!-- testUserRole -->
        <test-method status="PASS" signature="BeforeMethod()[pri:0, instance:com.example.AppTest@74abbb]" name="BeforeMethod" is-config="true" duration-ms="0" started-at="2024-06-26T03:42:40Z" finished-at="2024-06-26T03:42:40Z">
          <reporter-output>
          </reporter-output>
        </test-method> <!-- BeforeMethod -->
        <test-method status="PASS" signature="afterMethod()[pri:0, instance:com.example.AppTest@74abbb]" name="afterMethod" is-config="true" duration-ms="2" started-at="2024-06-26T03:42:40Z" finished-at="2024-06-26T03:42:40Z">
          <reporter-output>
          </reporter-output>
        </test-method> <!-- afterMethod -->
        <test-method status="PASS" signature="BeforeMethod()[pri:0, instance:com.example.AppTest@74abbb]" name="BeforeMethod" is-config="true" duration-ms="1" started-at="2024-06-26T03:42:40Z" finished-at="2024-06-26T03:42:40Z">
          <reporter-output>
          </reporter-output>
        </test-method> <!-- BeforeMethod -->
        <test-method status="PASS" signature="testUsername()[pri:0, instance:com.example.AppTest@74abbb]" name="testUsername" duration-ms="0" started-at="2024-06-26T03:42:40Z" finished-at="2024-06-26T03:42:40Z">
          <reporter-output>
          </reporter-output>
        </test-method> <!-- testUsername -->
        <test-method status="PASS" signature="afterMethod()[pri:0, instance:com.example.AppTest@74abbb]" name="afterMethod" is-config="true" duration-ms="1" started-at="2024-06-26T03:42:40Z" finished-at="2024-06-26T03:42:40Z">
          <reporter-output>
          </reporter-output>
        </test-method> <!-- afterMethod -->
        <test-method status="PASS" signature="afterUserGroup()[pri:0, instance:com.example.AppTest@74abbb]" name="afterUserGroup" is-config="true" duration-ms="1" started-at="2024-06-26T03:42:40Z" finished-at="2024-06-26T03:42:40Z">
          <reporter-output>
          </reporter-output>
        </test-method> <!-- afterUserGroup -->
        <test-method status="PASS" signature="AfterClass()[pri:0, instance:com.example.AppTest@74abbb]" name="AfterClass" is-config="true" duration-ms="0" started-at="2024-06-26T03:42:40Z" finished-at="2024-06-26T03:42:40Z">
          <reporter-output>
          </reporter-output>
        </test-method> <!-- AfterClass -->
      </class> <!-- com.example.AppTest -->
    </test> <!-- Surefire test -->
  </suite> <!-- Surefire suite -->
</testng-results>
