<?xml version="1.0" encoding="UTF-8"?>
<!-- Generated by org.testng.reporters.JUnitXMLReporter -->
<testsuite hostname="LAPTOP-QEOP498E" ignored="0" name="Surefire test" tests="3" failures="0" timestamp="24 jun 2024 05:44:51 GMT" time="0.048" errors="0">
  <testcase name="testMethod" time="0.009" classname="com.example.AppTest"/>
  <testcase name="testUserRole" time="0.0" classname="com.example.AppTest"/>
  <testcase name="testUsername" time="0.0" classname="com.example.AppTest"/>
</testsuite> <!-- Surefire test -->
